0 info it worked if it ends with ok
1 verbose cli [ '/Users/Crapintosh/.node/bin/node',
1 verbose cli   '/Users/Crapintosh/.node/bin/npm',
1 verbose cli   'start' ]
2 info using npm@2.14.7
3 info using node@v4.2.3
4 verbose config Skipping project config: /Users/Crapintosh/.npmrc. (matches userconfig)
5 verbose stack Error: ENOENT: no such file or directory, open '/Users/Crapintosh/package.json'
5 verbose stack     at Error (native)
6 verbose cwd /Users/Crapintosh/school/react_tutorial
7 error Darwin 15.6.0
8 error argv "/Users/Crapintosh/.node/bin/node" "/Users/Crapintosh/.node/bin/npm" "start"
9 error node v4.2.3
10 error npm  v2.14.7
11 error path /Users/Crapintosh/package.json
12 error code ENOENT
13 error errno -2
14 error syscall open
15 error enoent ENOENT: no such file or directory, open '/Users/Crapintosh/package.json'
15 error enoent This is most likely not a problem with npm itself
15 error enoent and is related to npm not being able to find a file.
16 verbose exit [ -2, true ]
